[2025-08-07 13:48:26,843] INFO django.utils.autoreload run_with_reloader:667 - Watching for file changes with StatReloader
[2025-08-07 13:51:01,747] INFO django.utils.autoreload trigger_reload:265 - C:\Users\2129705\Python_Codes\Cursor\EduPortal\backend\api\models.py changed, reloading.
[2025-08-07 13:51:15,515] INFO django.utils.autoreload run_with_reloader:667 - Watching for file changes with StatReloader
[2025-08-07 13:51:25,600] INFO django.server log_message:213 - "PUT /api/exams/5/ HTTP/1.1" 200 543
[2025-08-07 13:51:25,701] INFO django.server log_message:213 - "GET /api/exams/ HTTP/1.1" 200 2904
[2025-08-07 13:51:33,159] INFO django.server log_message:213 - "POST /api/auth/login/ HTTP/1.1" 200 870
[2025-08-07 13:51:33,224] INFO django.server log_message:213 - "GET /api/users/profile/ HTTP/1.1" 200 373
[2025-08-07 13:51:33,262] INFO django.server log_message:213 - "GET /api/enrollments/my_enrollments/ HTTP/1.1" 200 1210
[2025-08-07 13:51:35,087] INFO django.server log_message:213 - "GET /api/users/profile/ HTTP/1.1" 200 373
[2025-08-07 13:51:35,103] INFO django.server log_message:213 - "GET /api/users/profile/ HTTP/1.1" 200 373
[2025-08-07 13:51:35,248] INFO django.server log_message:213 - "GET /api/exams/ HTTP/1.1" 200 2904
[2025-08-07 13:51:35,518] WARNING django.server log_message:213 - "GET /manifest.json HTTP/1.1" 404 2533
[2025-08-07 13:51:37,585] ERROR django.server log_message:213 - "GET /api/exams/5/detail/ HTTP/1.1" 500 97676
[2025-08-07 13:51:39,875] INFO django.server log_message:213 - "OPTIONS /api/exams/1/detail/ HTTP/1.1" 200 0
[2025-08-07 13:51:39,945] ERROR django.server log_message:213 - "GET /api/exams/1/detail/ HTTP/1.1" 500 97676
[2025-08-07 13:51:41,181] INFO django.server log_message:213 - "GET /api/users/profile/ HTTP/1.1" 200 373
[2025-08-07 13:51:41,198] INFO django.server log_message:213 - "GET /api/users/profile/ HTTP/1.1" 200 373
[2025-08-07 13:51:41,272] WARNING django.server log_message:213 - "GET /manifest.json HTTP/1.1" 404 2533
[2025-08-07 13:51:41,385] INFO django.server log_message:213 - "GET /api/enrollments/my_enrollments/ HTTP/1.1" 200 1210
[2025-08-07 13:51:41,426] INFO django.server log_message:213 - "GET /api/courses/ HTTP/1.1" 200 2761
[2025-08-07 13:51:52,190] INFO django.server log_message:213 - "POST /api/auth/login/ HTTP/1.1" 200 869
[2025-08-07 13:51:52,248] INFO django.server log_message:213 - "GET /api/users/profile/ HTTP/1.1" 200 372
[2025-08-07 13:51:52,289] INFO django.server log_message:213 - "GET /api/courses/my_courses/ HTTP/1.1" 200 1625
[2025-08-07 13:52:02,055] INFO django.server log_message:213 - "POST /api/auth/login/ HTTP/1.1" 200 809
[2025-08-07 13:52:02,371] ERROR django.server log_message:213 - "GET /api/admin/analytics/?days=7 HTTP/1.1" 500 105068
[2025-08-07 13:52:02,393] ERROR django.server log_message:213 - "GET /api/admin/stats/ HTTP/1.1" 500 104616
[2025-08-07 13:52:02,471] ERROR django.server log_message:213 - "GET /api/admin/recent_activity/ HTTP/1.1" 500 104815
[2025-08-07 13:52:02,472] INFO django.server log_message:213 - "GET /api/users/profile/ HTTP/1.1" 200 312
[2025-08-07 13:52:03,540] ERROR django.server log_message:213 - "GET /api/admin/analytics/?days=7 HTTP/1.1" 500 105068
[2025-08-07 13:52:03,593] ERROR django.server log_message:213 - "GET /api/admin/stats/ HTTP/1.1" 500 104616
[2025-08-07 13:52:03,613] ERROR django.server log_message:213 - "GET /api/admin/recent_activity/ HTTP/1.1" 500 104815
[2025-08-07 13:52:09,878] INFO django.server log_message:213 - "GET /api/users/profile/ HTTP/1.1" 200 312
[2025-08-07 13:52:09,894] INFO django.server log_message:213 - "GET /api/users/profile/ HTTP/1.1" 200 312
[2025-08-07 13:52:09,923] WARNING django.server log_message:213 - "GET /manifest.json HTTP/1.1" 404 2533
[2025-08-07 13:52:10,086] ERROR django.server log_message:213 - "GET /api/admin/stats/ HTTP/1.1" 500 104616
[2025-08-07 13:52:10,097] ERROR django.server log_message:213 - "GET /api/admin/analytics/?days=7 HTTP/1.1" 500 105068
[2025-08-07 13:52:10,141] ERROR django.server log_message:213 - "GET /api/admin/recent_activity/ HTTP/1.1" 500 104815
[2025-08-07 13:52:11,257] ERROR django.server log_message:213 - "GET /api/admin/stats/ HTTP/1.1" 500 104616
[2025-08-07 13:52:11,271] ERROR django.server log_message:213 - "GET /api/admin/analytics/?days=7 HTTP/1.1" 500 105068
[2025-08-07 13:52:11,281] ERROR django.server log_message:213 - "GET /api/admin/recent_activity/ HTTP/1.1" 500 104815
[2025-08-07 13:52:12,943] INFO django.server log_message:213 - "GET /api/users/profile/ HTTP/1.1" 200 312
[2025-08-07 13:52:12,969] INFO django.server log_message:213 - "GET /api/users/profile/ HTTP/1.1" 200 312
[2025-08-07 13:52:12,982] WARNING django.server log_message:213 - "GET /manifest.json HTTP/1.1" 404 2533
[2025-08-07 13:52:13,126] INFO django.server log_message:213 - "GET /api/users/ HTTP/1.1" 200 3785
[2025-08-07 13:52:13,171] INFO django.server log_message:213 - "GET /api/users/ HTTP/1.1" 200 3785
[2025-08-07 13:52:18,752] ERROR django.server log_message:213 - "DELETE /api/users/3/ HTTP/1.1" 500 172618
[2025-08-07 13:53:06,378] INFO django.utils.autoreload trigger_reload:265 - C:\Users\2129705\Python_Codes\Cursor\EduPortal\backend\api\views.py changed, reloading.
[2025-08-07 13:53:19,218] INFO django.utils.autoreload run_with_reloader:667 - Watching for file changes with StatReloader
[2025-08-07 13:54:51,069] INFO django.utils.autoreload trigger_reload:265 - C:\Users\2129705\Python_Codes\Cursor\EduPortal\backend\api\serializers.py changed, reloading.
[2025-08-07 13:55:03,324] INFO django.utils.autoreload run_with_reloader:667 - Watching for file changes with StatReloader
[2025-08-07 13:55:49,798] INFO django.utils.autoreload trigger_reload:265 - C:\Users\2129705\Python_Codes\Cursor\EduPortal\backend\api\permissions.py changed, reloading.
[2025-08-07 13:56:02,177] INFO django.utils.autoreload run_with_reloader:667 - Watching for file changes with StatReloader
[2025-08-07 13:57:19,782] INFO django.utils.autoreload trigger_reload:265 - C:\Users\2129705\Python_Codes\Cursor\EduPortal\backend\eduportal\settings.py changed, reloading.
[2025-08-07 13:57:31,363] INFO django.utils.autoreload run_with_reloader:667 - Watching for file changes with StatReloader
[2025-08-07 14:16:56,365] INFO django.utils.autoreload trigger_reload:265 - C:\Users\2129705\Python_Codes\Cursor\EduPortal\backend\api\views.py changed, reloading.
[2025-08-07 14:17:08,525] INFO django.utils.autoreload run_with_reloader:667 - Watching for file changes with StatReloader
[2025-08-07 14:17:49,393] ERROR django.server log_message:213 - "DELETE /api/users/3/ HTTP/1.1" 500 118981
[2025-08-07 14:18:24,230] ERROR django.server log_message:213 - "GET /manifest.json HTTP/1.1" 500 119262
[2025-08-07 14:18:31,229] ERROR django.server log_message:213 - "DELETE /api/users/3/ HTTP/1.1" 500 118996
[2025-08-07 14:19:06,096] ERROR django.server log_message:213 - "PUT /api/users/3/ HTTP/1.1" 500 118987
[2025-08-07 14:20:12,580] INFO django.utils.autoreload trigger_reload:265 - C:\Users\2129705\Python_Codes\Cursor\EduPortal\backend\api\middleware.py changed, reloading.
[2025-08-07 14:20:25,623] INFO django.utils.autoreload run_with_reloader:667 - Watching for file changes with StatReloader
[2025-08-07 14:20:39,414] INFO django.utils.autoreload trigger_reload:265 - C:\Users\2129705\Python_Codes\Cursor\EduPortal\backend\api\views.py changed, reloading.
[2025-08-07 14:20:50,696] INFO django.utils.autoreload run_with_reloader:667 - Watching for file changes with StatReloader
[2025-08-07 14:21:03,425] INFO django.utils.autoreload trigger_reload:265 - C:\Users\2129705\Python_Codes\Cursor\EduPortal\backend\api\views.py changed, reloading.
[2025-08-07 14:21:15,581] INFO django.utils.autoreload run_with_reloader:667 - Watching for file changes with StatReloader
[2025-08-07 14:22:02,377] INFO django.utils.autoreload trigger_reload:265 - C:\Users\2129705\Python_Codes\Cursor\EduPortal\backend\api\views.py changed, reloading.
[2025-08-07 14:22:14,822] INFO django.utils.autoreload run_with_reloader:667 - Watching for file changes with StatReloader
[2025-08-07 14:22:38,696] INFO django.utils.autoreload trigger_reload:265 - C:\Users\2129705\Python_Codes\Cursor\EduPortal\backend\api\views.py changed, reloading.
[2025-08-07 14:22:51,122] INFO django.utils.autoreload run_with_reloader:667 - Watching for file changes with StatReloader
[2025-08-07 14:32:08,281] INFO django.server log_message:213 - "OPTIONS /api/users/3/ HTTP/1.1" 200 0
[2025-08-07 14:32:08,731] ERROR django.server log_message:213 - "PUT /api/users/3/ HTTP/1.1" 500 118970
[2025-08-07 14:32:20,436] INFO django.server log_message:213 - "OPTIONS /api/users/profile/ HTTP/1.1" 200 0
[2025-08-07 14:32:20,437] INFO django.server log_message:213 - "OPTIONS /api/users/profile/ HTTP/1.1" 200 0
[2025-08-07 14:32:20,529] ERROR django.server log_message:213 - "GET /api/users/profile/ HTTP/1.1" 500 119021
[2025-08-07 14:32:20,875] ERROR django.server log_message:213 - "GET /manifest.json HTTP/1.1" 500 119192
[2025-08-07 14:32:22,582] ERROR django.server log_message:213 - "GET /api/users/profile/ HTTP/1.1" 500 119021
[2025-08-07 14:32:28,685] INFO django.server log_message:213 - "OPTIONS /api/auth/login/ HTTP/1.1" 200 0
[2025-08-07 14:32:28,788] ERROR django.server log_message:213 - "POST /api/auth/login/ HTTP/1.1" 500 118762
[2025-08-07 14:33:45,713] INFO django.utils.autoreload trigger_reload:265 - C:\Users\2129705\Python_Codes\Cursor\EduPortal\backend\api\middleware.py changed, reloading.
[2025-08-07 14:33:58,708] INFO django.utils.autoreload run_with_reloader:667 - Watching for file changes with StatReloader
[2025-08-07 14:35:12,380] INFO django.server log_message:213 - "POST /api/auth/login/ HTTP/1.1" 200 786
[2025-08-07 14:35:13,452] INFO django.server log_message:213 - "OPTIONS /api/admin/stats/ HTTP/1.1" 200 0
[2025-08-07 14:35:13,453] INFO django.server log_message:213 - "OPTIONS /api/admin/analytics/?days=7 HTTP/1.1" 200 0
[2025-08-07 14:35:13,460] INFO django.server log_message:213 - "OPTIONS /api/admin/recent_activity/ HTTP/1.1" 200 0
[2025-08-07 14:35:13,507] INFO django.server log_message:213 - "GET /api/users/profile/ HTTP/1.1" 200 289
[2025-08-07 14:35:13,866] ERROR django.server log_message:213 - "GET /api/admin/analytics/?days=7 HTTP/1.1" 500 105534
[2025-08-07 14:35:14,009] ERROR django.server log_message:213 - "GET /api/admin/stats/ HTTP/1.1" 500 105082
[2025-08-07 14:35:14,066] ERROR django.server log_message:213 - "GET /api/admin/recent_activity/ HTTP/1.1" 500 105281
[2025-08-07 14:35:22,917] ERROR django.server log_message:213 - "GET /api/admin/analytics/?days=7 HTTP/1.1" 500 105534
[2025-08-07 14:35:23,565] ERROR django.server log_message:213 - "GET /api/admin/stats/ HTTP/1.1" 500 105082
[2025-08-07 14:35:23,719] ERROR django.server log_message:213 - "GET /api/admin/recent_activity/ HTTP/1.1" 500 105281
[2025-08-07 14:35:36,522] INFO django.server log_message:213 - "GET /api/users/profile/ HTTP/1.1" 200 289
[2025-08-07 14:35:36,942] WARNING django.server log_message:213 - "GET /manifest.json HTTP/1.1" 404 2533
[2025-08-07 14:35:38,524] INFO django.server log_message:213 - "GET /api/users/profile/ HTTP/1.1" 200 289
[2025-08-07 14:35:38,543] INFO django.server log_message:213 - "OPTIONS /api/users/ HTTP/1.1" 200 0
[2025-08-07 14:35:38,546] INFO django.server log_message:213 - "OPTIONS /api/users/ HTTP/1.1" 200 0
[2025-08-07 14:35:38,733] INFO django.server log_message:213 - "GET /api/users/ HTTP/1.1" 200 3555
[2025-08-07 14:35:40,691] INFO django.server log_message:213 - "GET /api/users/ HTTP/1.1" 200 3555
[2025-08-07 14:36:32,149] INFO django.server log_message:213 - "OPTIONS /api/users/8/ HTTP/1.1" 200 0
[2025-08-07 14:36:32,846] ERROR django.server log_message:213 - "DELETE /api/users/8/ HTTP/1.1" 500 171634
[2025-08-07 14:37:09,573] INFO django.server log_message:213 - "OPTIONS /api/users/5/ HTTP/1.1" 200 0
[2025-08-07 14:37:09,696] WARNING django.server log_message:213 - "PUT /api/users/5/ HTTP/1.1" 400 75
[2025-08-07 14:37:24,552] WARNING django.server log_message:213 - "PUT /api/users/5/ HTTP/1.1" 400 75
[2025-08-07 14:59:58,712] WARNING django.server log_message:213 - "PUT /api/users/5/ HTTP/1.1" 400 75
[2025-08-07 15:03:40,863] INFO django.utils.autoreload run_with_reloader:667 - Watching for file changes with StatReloader
[2025-08-07 15:04:35,470] INFO django.server log_message:213 - "PUT /api/users/5/ HTTP/1.1" 200 355
[2025-08-07 15:04:37,016] INFO django.server log_message:213 - "GET /api/users/ HTTP/1.1" 200 3562
[2025-08-07 15:05:26,030] INFO django.server log_message:213 - "PUT /api/users/5/ HTTP/1.1" 200 354
[2025-08-07 15:05:27,876] INFO django.server log_message:213 - "GET /api/users/ HTTP/1.1" 200 3561
[2025-08-07 15:06:32,263] INFO django.server log_message:213 - "GET /api/users/profile/ HTTP/1.1" 200 289
[2025-08-07 15:06:32,772] WARNING django.server log_message:213 - "GET /manifest.json HTTP/1.1" 404 2533
[2025-08-07 15:06:34,128] INFO django.server log_message:213 - "GET /api/users/profile/ HTTP/1.1" 200 289
[2025-08-07 15:06:34,380] INFO django.server log_message:213 - "OPTIONS /api/exams/ HTTP/1.1" 200 0
[2025-08-07 15:06:34,393] INFO django.server log_message:213 - "OPTIONS /api/courses/ HTTP/1.1" 200 0
[2025-08-07 15:06:34,396] INFO django.server log_message:213 - "OPTIONS /api/users/teachers/ HTTP/1.1" 200 0
[2025-08-07 15:06:34,401] INFO django.server log_message:213 - "OPTIONS /api/exams/ HTTP/1.1" 200 0
[2025-08-07 15:06:34,407] INFO django.server log_message:213 - "OPTIONS /api/courses/ HTTP/1.1" 200 0
[2025-08-07 15:06:34,411] INFO django.server log_message:213 - "OPTIONS /api/users/teachers/ HTTP/1.1" 200 0
[2025-08-07 15:06:34,672] INFO django.server log_message:213 - "GET /api/users/teachers/ HTTP/1.1" 200 709
[2025-08-07 15:06:34,729] INFO django.server log_message:213 - "GET /api/exams/ HTTP/1.1" 200 2296
[2025-08-07 15:06:34,751] INFO django.server log_message:213 - "GET /api/courses/ HTTP/1.1" 200 2651
[2025-08-07 15:06:36,718] INFO django.server log_message:213 - "GET /api/users/teachers/ HTTP/1.1" 200 709
[2025-08-07 15:06:36,734] INFO django.server log_message:213 - "GET /api/exams/ HTTP/1.1" 200 2296
[2025-08-07 15:06:36,786] INFO django.server log_message:213 - "GET /api/courses/ HTTP/1.1" 200 2651
[2025-08-07 15:07:00,013] WARNING django.server log_message:213 - "GET /manifest.json HTTP/1.1" 404 2533
[2025-08-07 15:07:00,055] INFO django.server log_message:213 - "GET /api/users/profile/ HTTP/1.1" 200 289
[2025-08-07 15:07:01,823] INFO django.server log_message:213 - "GET /api/users/profile/ HTTP/1.1" 200 289
[2025-08-07 15:07:09,553] INFO django.server log_message:213 - "GET /api/users/profile/ HTTP/1.1" 200 289
[2025-08-07 15:07:09,852] WARNING django.server log_message:213 - "GET /manifest.json HTTP/1.1" 404 2533
[2025-08-07 15:07:11,518] INFO django.server log_message:213 - "GET /api/users/profile/ HTTP/1.1" 200 289
[2025-08-07 15:07:11,527] INFO django.server log_message:213 - "OPTIONS /api/admin/analytics/?days=30 HTTP/1.1" 200 0
[2025-08-07 15:07:12,509] ERROR django.server log_message:213 - "GET /api/admin/analytics/?days=30 HTTP/1.1" 500 105545
[2025-08-07 15:07:17,238] ERROR django.server log_message:213 - "GET /api/admin/analytics/?days=30 HTTP/1.1" 500 105545
[2025-08-07 15:07:30,701] INFO django.server log_message:213 - "OPTIONS /api/admin/analytics/?days=90 HTTP/1.1" 200 0
[2025-08-07 15:07:31,047] ERROR django.server log_message:213 - "GET /api/admin/analytics/?days=90 HTTP/1.1" 500 105545
[2025-08-07 15:07:36,426] ERROR django.server log_message:213 - "GET /api/admin/analytics/?days=90 HTTP/1.1" 500 105545
[2025-08-07 15:08:01,795] INFO django.utils.autoreload trigger_reload:265 - C:\Users\2129705\Python_Codes\Cursor\EduPortal\backend\api\serializers.py changed, reloading.
[2025-08-07 15:08:13,975] INFO django.utils.autoreload run_with_reloader:667 - Watching for file changes with StatReloader
[2025-08-07 15:14:02,301] INFO django.utils.autoreload run_with_reloader:667 - Watching for file changes with StatReloader
[2025-08-07 15:14:09,349] INFO django.server log_message:213 - "OPTIONS /api/auth/login/ HTTP/1.1" 200 0
[2025-08-07 15:14:10,708] INFO django.server log_message:213 - "POST /api/auth/login/ HTTP/1.1" 200 327
[2025-08-07 15:14:12,115] ERROR django.server log_message:213 - "GET /api/admin/analytics/?days=7 HTTP/1.1" 500 105411
[2025-08-07 15:14:12,169] ERROR django.server log_message:213 - "GET /api/admin/stats/ HTTP/1.1" 500 104959
[2025-08-07 15:14:12,311] ERROR django.server log_message:213 - "GET /api/admin/recent_activity/ HTTP/1.1" 500 105158
[2025-08-07 15:14:21,728] ERROR django.server log_message:213 - "GET /api/admin/stats/ HTTP/1.1" 500 104959
[2025-08-07 15:14:21,867] ERROR django.server log_message:213 - "GET /api/admin/analytics/?days=7 HTTP/1.1" 500 105411
[2025-08-07 15:14:22,195] ERROR django.server log_message:213 - "GET /api/admin/recent_activity/ HTTP/1.1" 500 105158
[2025-08-07 15:14:41,712] INFO django.server log_message:213 - "GET /api/users/profile/ HTTP/1.1" 200 289
[2025-08-07 15:14:41,842] INFO django.server log_message:213 - "GET /api/users/profile/ HTTP/1.1" 200 289
[2025-08-07 15:14:41,900] INFO django.server log_message:213 - "GET /api/users/ HTTP/1.1" 200 3561
[2025-08-07 15:14:42,008] WARNING django.server log_message:213 - "GET /manifest.json HTTP/1.1" 404 2533
[2025-08-07 15:14:42,028] INFO django.server log_message:213 - "GET /api/users/ HTTP/1.1" 200 3561
[2025-08-07 15:15:05,052] INFO django.server log_message:213 - "OPTIONS /api/users/1/ HTTP/1.1" 200 0
[2025-08-07 15:15:05,112] WARNING django.server log_message:213 - "PUT /api/users/1/ HTTP/1.1" 403 108
[2025-08-07 15:15:32,474] INFO django.utils.autoreload trigger_reload:265 - C:\Users\2129705\Python_Codes\Cursor\EduPortal\backend\eduportal\settings.py changed, reloading.
[2025-08-07 15:15:45,575] INFO django.utils.autoreload run_with_reloader:667 - Watching for file changes with StatReloader
[2025-08-07 15:15:53,977] WARNING django.server log_message:213 - "GET /manifest.json HTTP/1.1" 404 2533
[2025-08-07 15:15:54,469] INFO django.server log_message:213 - "GET /api/users/profile/ HTTP/1.1" 200 289
[2025-08-07 15:15:54,529] INFO django.server log_message:213 - "GET /api/users/profile/ HTTP/1.1" 200 289
[2025-08-07 15:15:54,708] INFO django.server log_message:213 - "GET /api/users/ HTTP/1.1" 200 3561
[2025-08-07 15:15:54,816] INFO django.server log_message:213 - "GET /api/users/ HTTP/1.1" 200 3561
[2025-08-07 15:16:05,355] INFO django.utils.autoreload trigger_reload:265 - C:\Users\2129705\Python_Codes\Cursor\EduPortal\backend\api\views.py changed, reloading.
[2025-08-07 15:16:23,450] INFO django.utils.autoreload run_with_reloader:667 - Watching for file changes with StatReloader
[2025-08-07 15:16:30,983] INFO django.server log_message:213 - "GET /api/auth/csrf_token/ HTTP/1.1" 200 80
[2025-08-07 15:16:31,042] INFO django.server log_message:213 - "GET /api/auth/csrf_token/ HTTP/1.1" 200 80
[2025-08-07 15:16:31,175] WARNING django.server log_message:213 - "GET /manifest.json HTTP/1.1" 404 2533
[2025-08-07 15:16:31,503] INFO django.server log_message:213 - "GET /api/users/profile/ HTTP/1.1" 200 289
[2025-08-07 15:16:31,605] INFO django.server log_message:213 - "GET /api/users/profile/ HTTP/1.1" 200 289
[2025-08-07 15:16:31,731] INFO django.server log_message:213 - "GET /api/users/ HTTP/1.1" 200 3561
[2025-08-07 15:16:31,879] INFO django.server log_message:213 - "GET /api/users/ HTTP/1.1" 200 3561
[2025-08-07 15:16:45,522] INFO django.utils.autoreload trigger_reload:265 - C:\Users\2129705\Python_Codes\Cursor\EduPortal\backend\eduportal\settings.py changed, reloading.
[2025-08-07 15:17:04,274] INFO django.utils.autoreload run_with_reloader:667 - Watching for file changes with StatReloader
[2025-08-07 15:17:18,350] INFO django.server log_message:213 - "GET /api/auth/csrf_token/ HTTP/1.1" 200 80
[2025-08-07 15:17:18,425] INFO django.server log_message:213 - "GET /api/auth/csrf_token/ HTTP/1.1" 200 80
[2025-08-07 15:17:18,720] WARNING django.server log_message:213 - "GET /manifest.json HTTP/1.1" 404 2533
[2025-08-07 15:17:18,940] INFO django.server log_message:213 - "GET /api/users/profile/ HTTP/1.1" 200 289
[2025-08-07 15:17:19,040] INFO django.server log_message:213 - "GET /api/users/profile/ HTTP/1.1" 200 289
[2025-08-07 15:17:19,137] INFO django.server log_message:213 - "GET /api/users/ HTTP/1.1" 200 3561
[2025-08-07 15:17:19,233] INFO django.server log_message:213 - "GET /api/users/ HTTP/1.1" 200 3561
[2025-08-07 15:17:35,871] INFO django.server log_message:213 - "GET /api/users/profile/ HTTP/1.1" 200 289
[2025-08-07 15:17:35,940] WARNING django.server log_message:213 - "GET /manifest.json HTTP/1.1" 404 2533
[2025-08-07 15:17:35,952] INFO django.server log_message:213 - "GET /api/users/profile/ HTTP/1.1" 200 289
[2025-08-07 15:17:36,380] INFO django.server log_message:213 - "GET /api/users/ HTTP/1.1" 200 3561
[2025-08-07 15:17:36,476] INFO django.server log_message:213 - "GET /api/users/ HTTP/1.1" 200 3561
[2025-08-07 15:17:48,421] INFO django.utils.autoreload trigger_reload:265 - C:\Users\2129705\Python_Codes\Cursor\EduPortal\backend\api\views.py changed, reloading.
[2025-08-07 15:18:00,742] INFO django.utils.autoreload run_with_reloader:667 - Watching for file changes with StatReloader
[2025-08-07 15:18:12,908] WARNING django.server log_message:213 - "PUT /api/users/1/ HTTP/1.1" 400 35
[2025-08-07 15:18:36,820] INFO django.server log_message:213 - "OPTIONS /api/users/8/ HTTP/1.1" 200 0
[2025-08-07 15:18:37,008] WARNING django.server log_message:213 - "PUT /api/users/8/ HTTP/1.1" 400 90
[2025-08-07 15:18:47,541] WARNING django.server log_message:213 - "GET /manifest.json HTTP/1.1" 404 2533
[2025-08-07 15:18:47,556] INFO django.server log_message:213 - "GET /api/users/profile/ HTTP/1.1" 200 289
[2025-08-07 15:18:47,579] INFO django.server log_message:213 - "GET /api/users/profile/ HTTP/1.1" 200 289
[2025-08-07 15:18:47,923] ERROR django.server log_message:213 - "GET /api/admin/settings/ HTTP/1.1" 500 105642
[2025-08-07 15:18:49,087] ERROR django.server log_message:213 - "GET /api/admin/settings/ HTTP/1.1" 500 105642
[2025-08-07 15:19:19,524] INFO django.server log_message:213 - "OPTIONS /api/admin/settings/ HTTP/1.1" 200 0
[2025-08-07 15:19:19,954] ERROR django.server log_message:213 - "PUT /api/admin/settings/ HTTP/1.1" 500 105651
[2025-08-07 15:20:17,442] WARNING django.server log_message:213 - "GET /manifest.json HTTP/1.1" 404 2533
[2025-08-07 15:20:25,572] INFO django.server log_message:213 - "GET /api/users/profile/ HTTP/1.1" 200 289
[2025-08-07 15:20:25,588] WARNING django.server log_message:213 - "GET /manifest.json HTTP/1.1" 404 2533
[2025-08-07 15:20:27,444] INFO django.server log_message:213 - "GET /api/users/profile/ HTTP/1.1" 200 289
[2025-08-07 15:20:28,037] ERROR django.server log_message:213 - "GET /api/admin/settings/ HTTP/1.1" 500 105662
[2025-08-07 15:20:33,402] ERROR django.server log_message:213 - "GET /api/admin/settings/ HTTP/1.1" 500 105662
[2025-08-07 15:20:52,675] ERROR django.server log_message:213 - "PUT /api/admin/settings/ HTTP/1.1" 500 105671
[2025-08-07 15:38:29,695] WARNING django.server log_message:213 - "GET /manifest.json HTTP/1.1" 404 2533
[2025-08-07 15:39:15,423] WARNING django.server log_message:213 - "GET /manifest.json HTTP/1.1" 404 2533
[2025-08-07 15:39:22,020] WARNING django.server log_message:213 - "GET /manifest.json HTTP/1.1" 404 2533
[2025-08-07 15:39:24,352] WARNING django.server log_message:213 - "GET /manifest.json HTTP/1.1" 404 2533
[2025-08-07 15:39:28,066] WARNING django.server log_message:213 - "GET /manifest.json HTTP/1.1" 404 2533
[2025-08-07 15:39:38,324] WARNING django.server log_message:213 - "GET /manifest.json HTTP/1.1" 404 2533
[2025-08-07 15:39:41,112] WARNING django.server log_message:213 - "GET /manifest.json HTTP/1.1" 404 2533
[2025-08-07 15:39:59,182] WARNING django.server log_message:213 - "GET /manifest.json HTTP/1.1" 404 2533
[2025-08-07 15:40:14,090] WARNING django.server log_message:213 - "GET /manifest.json HTTP/1.1" 404 2533
[2025-08-07 15:41:41,630] WARNING django.server log_message:213 - "GET /manifest.json HTTP/1.1" 404 2533
[2025-08-07 15:42:11,820] WARNING django.server log_message:213 - "GET /manifest.json HTTP/1.1" 404 2533
[2025-08-07 15:42:12,795] INFO django.utils.autoreload trigger_reload:265 - C:\Users\2129705\Python_Codes\Cursor\EduPortal\backend\eduportal\settings.py changed, reloading.
[2025-08-07 15:42:23,544] INFO django.utils.autoreload run_with_reloader:667 - Watching for file changes with StatReloader
[2025-08-07 15:42:50,117] INFO django.utils.autoreload trigger_reload:265 - C:\Users\2129705\Python_Codes\Cursor\EduPortal\backend\eduportal\settings.py changed, reloading.
[2025-08-07 15:43:04,692] INFO django.utils.autoreload run_with_reloader:667 - Watching for file changes with StatReloader
[2025-08-07 17:25:10,301] INFO django.utils.autoreload run_with_reloader:667 - Watching for file changes with StatReloader
[2025-08-07 17:25:16,968] WARNING django.server log_message:213 - "GET /manifest.json HTTP/1.1" 404 2533
[2025-08-07 17:25:18,898] WARNING django.server log_message:213 - "GET /manifest.json HTTP/1.1" 404 2533
[2025-08-07 17:25:43,952] WARNING django.server log_message:213 - "GET /manifest.json HTTP/1.1" 404 2533
[2025-08-07 17:25:44,724] INFO django.server log_message:213 - "GET /api/users/profile/ HTTP/1.1" 200 289
[2025-08-07 17:25:46,251] INFO django.server log_message:213 - "GET /api/users/profile/ HTTP/1.1" 200 289
[2025-08-07 17:25:46,864] ERROR django.server log_message:213 - "GET /api/admin/stats/ HTTP/1.1" 500 105706
[2025-08-07 17:25:46,917] ERROR django.server log_message:213 - "GET /api/admin/recent_activity/ HTTP/1.1" 500 105905
[2025-08-07 17:25:46,971] ERROR django.server log_message:213 - "GET /api/admin/analytics/?days=7 HTTP/1.1" 500 106158
[2025-08-07 17:25:47,840] WARNING django.server log_message:213 - "GET /manifest.json HTTP/1.1" 404 2533
[2025-08-07 17:26:19,760] WARNING django.server log_message:213 - "GET /manifest.json HTTP/1.1" 404 2533
[2025-08-07 17:34:55,236] INFO django.utils.autoreload run_with_reloader:667 - Watching for file changes with StatReloader
[2025-08-07 17:35:30,405] WARNING django.server log_message:213 - "GET /manifest.json HTTP/1.1" 404 2533
[2025-08-07 17:35:31,171] INFO django.server log_message:213 - "OPTIONS /api/auth/login/ HTTP/1.1" 200 0
[2025-08-07 17:35:32,454] INFO django.server log_message:213 - "POST /api/auth/login/ HTTP/1.1" 200 327
[2025-08-07 17:35:33,973] ERROR django.server log_message:213 - "GET /api/admin/analytics/?days=7 HTTP/1.1" 500 106158
[2025-08-07 17:35:34,121] ERROR django.server log_message:213 - "GET /api/admin/stats/ HTTP/1.1" 500 105706
[2025-08-07 17:35:34,297] ERROR django.server log_message:213 - "GET /api/admin/recent_activity/ HTTP/1.1" 500 105905
[2025-08-07 17:35:43,780] ERROR django.server log_message:213 - "GET /api/admin/stats/ HTTP/1.1" 500 105706
[2025-08-07 17:35:43,922] ERROR django.server log_message:213 - "GET /api/admin/analytics/?days=7 HTTP/1.1" 500 106158
[2025-08-07 17:35:44,256] ERROR django.server log_message:213 - "GET /api/admin/recent_activity/ HTTP/1.1" 500 105905
[2025-08-07 17:36:03,993] WARNING django.server log_message:213 - "GET /manifest.json HTTP/1.1" 404 2533
[2025-08-07 17:36:45,400] WARNING django.server log_message:213 - "GET /manifest.json HTTP/1.1" 404 2533
[2025-08-08 01:07:13,282] INFO django.utils.autoreload run_with_reloader:667 - Watching for file changes with StatReloader
[2025-08-08 01:08:13,590] INFO django.server log_message:213 - "OPTIONS /api/auth/login/ HTTP/1.1" 200 0
[2025-08-08 01:08:15,301] INFO django.server log_message:213 - "POST /api/auth/login/ HTTP/1.1" 200 327
[2025-08-08 01:08:15,795] WARNING django.server log_message:213 - "GET /favicon.ico HTTP/1.1" 404 2527
[2025-08-08 01:08:16,010] ERROR django.server log_message:213 - "GET /api/admin/analytics/?days=7 HTTP/1.1" 500 106138
[2025-08-08 01:08:16,073] ERROR django.server log_message:213 - "GET /api/admin/recent_activity/ HTTP/1.1" 500 105885
[2025-08-08 01:08:16,123] ERROR django.server log_message:213 - "GET /api/admin/stats/ HTTP/1.1" 500 105686
[2025-08-08 01:08:17,246] ERROR django.server log_message:213 - "GET /api/admin/analytics/?days=7 HTTP/1.1" 500 106138
[2025-08-08 01:08:17,462] ERROR django.server log_message:213 - "GET /api/admin/recent_activity/ HTTP/1.1" 500 105885
[2025-08-08 01:08:17,511] ERROR django.server log_message:213 - "GET /api/admin/stats/ HTTP/1.1" 500 105686
[2025-08-08 01:08:20,385] INFO django.server log_message:213 - "GET /api/users/profile/ HTTP/1.1" 200 289
[2025-08-08 01:08:20,436] INFO django.server log_message:213 - "GET /api/users/profile/ HTTP/1.1" 200 289
[2025-08-08 01:08:20,568] INFO django.server log_message:213 - "GET /api/users/ HTTP/1.1" 200 3561
[2025-08-08 01:08:20,721] WARNING django.server log_message:213 - "GET /manifest.json HTTP/1.1" 404 2533
[2025-08-08 01:08:20,751] INFO django.server log_message:213 - "GET /api/users/ HTTP/1.1" 200 3561
[2025-08-08 01:08:23,621] INFO django.server log_message:213 - "GET /api/users/profile/ HTTP/1.1" 200 289
[2025-08-08 01:08:23,654] WARNING django.server log_message:213 - "GET /manifest.json HTTP/1.1" 404 2533
[2025-08-08 01:08:23,667] INFO django.server log_message:213 - "GET /api/users/profile/ HTTP/1.1" 200 289
[2025-08-08 01:08:23,789] INFO django.server log_message:213 - "GET /api/users/teachers/ HTTP/1.1" 200 709
[2025-08-08 01:08:23,836] INFO django.server log_message:213 - "GET /api/courses/ HTTP/1.1" 200 2651
[2025-08-08 01:08:23,840] INFO django.server log_message:213 - "GET /api/users/teachers/ HTTP/1.1" 200 709
[2025-08-08 01:08:23,920] INFO django.server log_message:213 - "GET /api/courses/ HTTP/1.1" 200 2651
[2025-08-08 01:08:27,050] INFO django.server log_message:213 - "GET /api/users/profile/ HTTP/1.1" 200 289
[2025-08-08 01:08:27,057] WARNING django.server log_message:213 - "GET /manifest.json HTTP/1.1" 404 2533
[2025-08-08 01:08:27,075] INFO django.server log_message:213 - "GET /api/users/profile/ HTTP/1.1" 200 289
[2025-08-08 01:08:27,192] INFO django.server log_message:213 - "GET /api/users/teachers/ HTTP/1.1" 200 709
[2025-08-08 01:08:27,264] INFO django.server log_message:213 - "GET /api/exams/ HTTP/1.1" 200 2296
[2025-08-08 01:08:27,279] INFO django.server log_message:213 - "GET /api/courses/ HTTP/1.1" 200 2651
[2025-08-08 01:08:27,319] INFO django.server log_message:213 - "GET /api/users/teachers/ HTTP/1.1" 200 709
[2025-08-08 01:08:27,443] INFO django.server log_message:213 - "GET /api/exams/ HTTP/1.1" 200 2296
[2025-08-08 01:08:27,516] INFO django.server log_message:213 - "GET /api/courses/ HTTP/1.1" 200 2651
[2025-08-08 01:08:28,491] WARNING django.server log_message:213 - "GET /manifest.json HTTP/1.1" 404 2533
[2025-08-08 01:08:28,493] INFO django.server log_message:213 - "GET /api/users/profile/ HTTP/1.1" 200 289
[2025-08-08 01:08:28,539] INFO django.server log_message:213 - "GET /api/users/profile/ HTTP/1.1" 200 289
[2025-08-08 01:08:28,698] INFO django.server log_message:213 - "GET /api/fee-transactions/payment_summary/ HTTP/1.1" 200 74
[2025-08-08 01:08:28,793] INFO django.server log_message:213 - "GET /api/users/students/ HTTP/1.1" 200 3518
[2025-08-08 01:08:28,817] INFO django.server log_message:213 - "GET /api/fee-transactions/payment_summary/ HTTP/1.1" 200 74
[2025-08-08 01:08:28,870] INFO django.server log_message:213 - "GET /api/fee-transactions/ HTTP/1.1" 200 2929
[2025-08-08 01:08:28,898] INFO django.server log_message:213 - "GET /api/users/students/ HTTP/1.1" 200 3518
[2025-08-08 01:08:29,035] INFO django.server log_message:213 - "GET /api/fee-transactions/ HTTP/1.1" 200 2929
[2025-08-08 01:08:36,715] WARNING django.server log_message:213 - "GET /manifest.json HTTP/1.1" 404 2533
[2025-08-08 01:08:36,821] INFO django.server log_message:213 - "GET /api/users/teachers/ HTTP/1.1" 200 709
[2025-08-08 01:08:36,887] INFO django.server log_message:213 - "GET /api/exams/ HTTP/1.1" 200 2296
[2025-08-08 01:08:37,044] INFO django.server log_message:213 - "GET /api/courses/ HTTP/1.1" 200 2651
[2025-08-08 01:08:37,050] INFO django.server log_message:213 - "GET /api/users/teachers/ HTTP/1.1" 200 709
[2025-08-08 01:08:37,113] INFO django.server log_message:213 - "GET /api/exams/ HTTP/1.1" 200 2296
[2025-08-08 01:08:37,155] INFO django.server log_message:213 - "GET /api/courses/ HTTP/1.1" 200 2651
[2025-08-08 01:08:37,653] INFO django.server log_message:213 - "GET /api/users/profile/ HTTP/1.1" 200 289
[2025-08-08 01:08:37,672] WARNING django.server log_message:213 - "GET /manifest.json HTTP/1.1" 404 2533
[2025-08-08 01:08:37,694] INFO django.server log_message:213 - "GET /api/users/profile/ HTTP/1.1" 200 289
[2025-08-08 01:08:37,776] INFO django.server log_message:213 - "GET /api/users/teachers/ HTTP/1.1" 200 709
[2025-08-08 01:08:37,779] INFO django.server log_message:213 - "GET /api/teacher-salaries/ HTTP/1.1" 200 52
[2025-08-08 01:08:37,826] INFO django.server log_message:213 - "GET /api/teacher-salaries/ HTTP/1.1" 200 52
[2025-08-08 01:08:37,830] INFO django.server log_message:213 - "GET /api/users/teachers/ HTTP/1.1" 200 709
[2025-08-08 01:08:41,864] INFO django.server log_message:213 - "GET /api/users/profile/ HTTP/1.1" 200 289
[2025-08-08 01:08:41,884] WARNING django.server log_message:213 - "GET /manifest.json HTTP/1.1" 404 2533
[2025-08-08 01:08:41,904] INFO django.server log_message:213 - "GET /api/users/profile/ HTTP/1.1" 200 289
[2025-08-08 01:08:43,355] INFO django.server log_message:213 - "GET /api/users/profile/ HTTP/1.1" 200 289
[2025-08-08 01:08:43,361] WARNING django.server log_message:213 - "GET /manifest.json HTTP/1.1" 404 2533
[2025-08-08 01:08:43,389] INFO django.server log_message:213 - "GET /api/users/profile/ HTTP/1.1" 200 289
[2025-08-08 01:08:43,627] ERROR django.server log_message:213 - "GET /api/admin/analytics/?days=30 HTTP/1.1" 500 106149
[2025-08-08 01:08:44,806] ERROR django.server log_message:213 - "GET /api/admin/analytics/?days=30 HTTP/1.1" 500 106149
[2025-08-08 01:08:49,477] INFO django.server log_message:213 - "GET /api/users/profile/ HTTP/1.1" 200 289
[2025-08-08 01:08:49,523] INFO django.server log_message:213 - "GET /api/users/profile/ HTTP/1.1" 200 289
[2025-08-08 01:08:49,783] ERROR django.server log_message:213 - "GET /api/admin/notifications/ HTTP/1.1" 500 105832
[2025-08-08 01:08:49,829] WARNING django.server log_message:213 - "GET /manifest.json HTTP/1.1" 404 2533
[2025-08-08 01:08:51,048] ERROR django.server log_message:213 - "GET /api/admin/notifications/ HTTP/1.1" 500 105832
[2025-08-08 01:09:01,009] INFO django.server log_message:213 - "GET /api/users/profile/ HTTP/1.1" 200 289
[2025-08-08 01:09:01,045] WARNING django.server log_message:213 - "GET /manifest.json HTTP/1.1" 404 2533
[2025-08-08 01:09:01,134] INFO django.server log_message:213 - "GET /api/users/profile/ HTTP/1.1" 200 289
[2025-08-08 01:09:01,365] ERROR django.server log_message:213 - "GET /api/admin/settings/ HTTP/1.1" 500 105732
[2025-08-08 01:09:02,632] ERROR django.server log_message:213 - "GET /api/admin/settings/ HTTP/1.1" 500 105732
[2025-08-08 01:09:14,997] INFO django.server log_message:213 - "OPTIONS /api/admin/settings/ HTTP/1.1" 200 0
[2025-08-08 01:09:15,337] ERROR django.server log_message:213 - "PUT /api/admin/settings/ HTTP/1.1" 500 105741
[2025-08-08 01:09:26,557] INFO django.server log_message:213 - "POST /api/auth/logout/ HTTP/1.1" 200 31
[2025-08-08 01:09:30,723] INFO django.server log_message:213 - "POST /api/auth/login/ HTTP/1.1" 200 387
[2025-08-08 01:09:30,819] INFO django.server log_message:213 - "GET /api/courses/my_courses/ HTTP/1.1" 200 1559
[2025-08-08 01:09:32,158] INFO django.server log_message:213 - "GET /api/users/profile/ HTTP/1.1" 200 349
[2025-08-08 01:09:32,212] INFO django.server log_message:213 - "GET /api/users/profile/ HTTP/1.1" 200 349
[2025-08-08 01:09:32,264] WARNING django.server log_message:213 - "GET /api/courses/teacher-courses/ HTTP/1.1" 404 23
[2025-08-08 01:09:32,350] WARNING django.server log_message:213 - "GET /api/students/teacher-students/ HTTP/1.1" 404 62247
[2025-08-08 01:09:32,442] WARNING django.server log_message:213 - "GET /manifest.json HTTP/1.1" 404 2533
[2025-08-08 01:09:33,443] INFO django.server log_message:213 - "GET /api/users/profile/ HTTP/1.1" 200 349
[2025-08-08 01:09:33,454] WARNING django.server log_message:213 - "GET /manifest.json HTTP/1.1" 404 2533
[2025-08-08 01:09:33,481] INFO django.server log_message:213 - "GET /api/users/profile/ HTTP/1.1" 200 349
[2025-08-08 01:09:33,557] WARNING django.server log_message:213 - "GET /api/courses/teacher-courses/ HTTP/1.1" 404 23
[2025-08-08 01:09:33,566] WARNING django.server log_message:213 - "GET /api/exams/teacher-exams/ HTTP/1.1" 404 23
[2025-08-08 01:09:34,451] INFO django.server log_message:213 - "GET /api/users/profile/ HTTP/1.1" 200 349
[2025-08-08 01:09:34,453] WARNING django.server log_message:213 - "GET /manifest.json HTTP/1.1" 404 2533
[2025-08-08 01:09:34,483] INFO django.server log_message:213 - "GET /api/users/profile/ HTTP/1.1" 200 349
[2025-08-08 01:09:34,570] WARNING django.server log_message:213 - "GET /api/study-materials/teacher-materials/ HTTP/1.1" 404 23
[2025-08-08 01:09:34,570] WARNING django.server log_message:213 - "GET /api/courses/teacher-courses/ HTTP/1.1" 404 23
[2025-08-08 01:09:35,523] INFO django.server log_message:213 - "GET /api/users/profile/ HTTP/1.1" 200 349
[2025-08-08 01:09:35,536] WARNING django.server log_message:213 - "GET /manifest.json HTTP/1.1" 404 2533
[2025-08-08 01:09:35,661] INFO django.server log_message:213 - "GET /api/users/profile/ HTTP/1.1" 200 349
[2025-08-08 01:09:35,666] WARNING django.server log_message:213 - "GET /api/courses/teacher-courses/ HTTP/1.1" 404 23
[2025-08-08 01:09:35,669] WARNING django.server log_message:213 - "GET /api/exams/teacher-exams/ HTTP/1.1" 404 23
[2025-08-08 01:09:37,173] WARNING django.server log_message:213 - "GET /manifest.json HTTP/1.1" 404 2533
[2025-08-08 01:09:37,177] INFO django.server log_message:213 - "GET /api/users/profile/ HTTP/1.1" 200 349
[2025-08-08 01:09:37,207] INFO django.server log_message:213 - "GET /api/users/profile/ HTTP/1.1" 200 349
[2025-08-08 01:09:37,292] WARNING django.server log_message:213 - "GET /api/study-materials/teacher-materials/ HTTP/1.1" 404 23
[2025-08-08 01:09:37,295] WARNING django.server log_message:213 - "GET /api/courses/teacher-courses/ HTTP/1.1" 404 23
[2025-08-08 01:09:46,441] INFO django.server log_message:213 - "GET /api/users/profile/ HTTP/1.1" 200 349
[2025-08-08 01:09:46,460] WARNING django.server log_message:213 - "GET /manifest.json HTTP/1.1" 404 2533
[2025-08-08 01:09:46,527] INFO django.server log_message:213 - "GET /api/users/profile/ HTTP/1.1" 200 349
[2025-08-08 01:09:46,597] INFO django.server log_message:213 - "GET /api/courses/my_courses/ HTTP/1.1" 200 1559
[2025-08-08 01:09:48,436] INFO django.server log_message:213 - "GET /api/courses/5/progress_summary/ HTTP/1.1" 200 98
[2025-08-08 01:09:48,453] INFO django.server log_message:213 - "GET /api/courses/5/students/ HTTP/1.1" 200 1060
[2025-08-08 01:09:53,456] INFO django.server log_message:213 - "GET /api/courses/2/progress_summary/ HTTP/1.1" 200 99
[2025-08-08 01:09:53,487] INFO django.server log_message:213 - "GET /api/courses/2/students/ HTTP/1.1" 200 1493
[2025-08-08 01:09:55,492] INFO django.server log_message:213 - "GET /api/courses/1/progress_summary/ HTTP/1.1" 200 99
[2025-08-08 01:09:55,519] INFO django.server log_message:213 - "GET /api/courses/1/students/ HTTP/1.1" 200 1330
[2025-08-08 01:09:58,453] INFO django.server log_message:213 - "GET /api/users/profile/ HTTP/1.1" 200 349
[2025-08-08 01:09:58,564] INFO django.server log_message:213 - "GET /api/users/profile/ HTTP/1.1" 200 349
[2025-08-08 01:09:58,596] INFO django.server log_message:213 - "GET /api/courses/my_courses/ HTTP/1.1" 200 1559
[2025-08-08 01:09:58,733] WARNING django.server log_message:213 - "GET /manifest.json HTTP/1.1" 404 2533
[2025-08-08 01:10:05,852] INFO django.server log_message:213 - "GET /api/users/profile/ HTTP/1.1" 200 349
[2025-08-08 01:10:05,854] WARNING django.server log_message:213 - "GET /manifest.json HTTP/1.1" 404 2533
[2025-08-08 01:10:05,888] INFO django.server log_message:213 - "GET /api/users/profile/ HTTP/1.1" 200 349
[2025-08-08 01:10:05,973] WARNING django.server log_message:213 - "GET /api/study-materials/teacher-materials/ HTTP/1.1" 404 23
[2025-08-08 01:10:05,979] WARNING django.server log_message:213 - "GET /api/courses/teacher-courses/ HTTP/1.1" 404 23
[2025-09-02 21:33:33,245] INFO django.utils.autoreload run_with_reloader:667 - Watching for file changes with StatReloader
[2025-09-02 21:33:49,308] WARNING django.server log_message:212 - "GET / HTTP/1.1" 404 2292
[2025-09-02 21:33:49,533] WARNING django.server log_message:212 - "GET /favicon.ico HTTP/1.1" 404 2343
[2025-09-02 21:36:15,438] WARNING django.server log_message:212 - "GET /favicon.ico HTTP/1.1" 404 2343
[2025-09-02 21:36:15,494] WARNING django.server log_message:212 - "GET /favicon.ico HTTP/1.1" 404 2343
[2025-09-02 21:36:15,757] WARNING django.server log_message:212 - "GET /api/users/profile/ HTTP/1.1" 403 58
[2025-09-02 21:36:15,765] WARNING django.server log_message:212 - "GET /api/users/profile/ HTTP/1.1" 403 58
[2025-09-02 21:36:15,788] WARNING django.server log_message:212 - "GET /manifest.json HTTP/1.1" 404 2349
[2025-09-02 23:40:19,390] WARNING django.server log_message:212 - "GET /favicon.ico HTTP/1.1" 404 2343
[2025-09-02 23:40:19,694] WARNING django.server log_message:212 - "GET /api/users/profile/ HTTP/1.1" 403 58
[2025-09-02 23:40:19,702] WARNING django.server log_message:212 - "GET /api/users/profile/ HTTP/1.1" 403 58
[2025-09-02 23:40:19,744] WARNING django.server log_message:212 - "GET /manifest.json HTTP/1.1" 404 2349
[2025-09-03 11:26:23,522] INFO django.utils.autoreload run_with_reloader:667 - Watching for file changes with StatReloader
[2025-09-03 11:27:14,751] WARNING django.server log_message:212 - "GET /favicon.ico HTTP/1.1" 404 2343
[2025-09-03 11:27:14,785] WARNING django.server log_message:212 - "GET /favicon.ico HTTP/1.1" 404 2343
[2025-09-03 11:27:14,856] WARNING django.server log_message:212 - "GET /api/users/profile/ HTTP/1.1" 403 58
[2025-09-03 11:27:14,864] WARNING django.server log_message:212 - "GET /api/users/profile/ HTTP/1.1" 403 58
[2025-09-03 11:27:15,090] WARNING django.server log_message:212 - "GET /manifest.json HTTP/1.1" 404 2349
